#
# There is insufficient memory for the Java Runtime Environment to continue.
# Native memory allocation (malloc) failed to allocate 1048576 bytes for AllocateHeap
# Possible reasons:
#   The system is out of physical RAM or swap space
#   The process is running with CompressedOops enabled, and the Java Heap may be blocking the growth of the native heap
# Possible solutions:
#   Reduce memory load on the system
#   Increase physical memory or swap space
#   Check if swap backing store is full
#   Decrease Java heap size (-Xmx/-Xms)
#   Decrease number of Java threads
#   Decrease Java thread stack sizes (-Xss)
#   Set larger code cache with -XX:ReservedCodeCacheSize=
#   JVM is running with Unscaled Compressed Oops mode in which the Java heap is
#     placed in the first 4GB address space. The Java Heap base address is the
#     maximum limit for the native heap growth. Please use -XX:HeapBaseMinAddress
#     to set the Java Heap base and to place the Java Heap above 4GB virtual address.
# This output file may be truncated or incomplete.
#
#  Out of Memory Error (memory/allocation.inline.hpp:61), pid=7972, tid=0x0000000000002e08
#
# JRE version:  (8.0_251-b08) (build )
# Java VM: Java HotSpot(TM) 64-Bit Server VM (25.251-b08 mixed mode windows-amd64 compressed oops)
# Failed to write core dump. Minidumps are not enabled by default on client versions of Windows
#

---------------  T H R E A D  ---------------

Current thread (0x0000000002994000):  JavaThread "Unknown thread" [_thread_in_vm, id=11784, stack(0x0000000002890000,0x0000000002990000)]

Stack: [0x0000000002890000,0x0000000002990000]
[error occurred during error reporting (printing stack bounds), id 0xc0000005]

Native frames: (J=compiled Java code, j=interpreted, Vv=VM code, C=native code)


---------------  P R O C E S S  ---------------

Java Threads: ( => current thread )

Other Threads:

=>0x0000000002994000 (exited) JavaThread "Unknown thread" [_thread_in_vm, id=11784, stack(0x0000000002890000,0x0000000002990000)]

VM state:not at safepoint (normal execution)

VM Mutex/Monitor currently owned by a thread: None

heap address: 0x00000000a2a00000, size: 1494 MB, Compressed Oops mode: 32-bit
Narrow klass base: 0x0000000000000000, Narrow klass shift: 3
Compressed class space size: 1073741824 Address: 0x0000000100000000

Heap:
 PSYoungGen      total 28160K, used 491K [0x00000000e0e00000, 0x00000000e2d00000, 0x0000000100000000)
  eden space 24576K, 2% used [0x00000000e0e00000,0x00000000e0e7ae20,0x00000000e2600000)
  from space 3584K, 0% used [0x00000000e2980000,0x00000000e2980000,0x00000000e2d00000)
  to   space 3584K, 0% used [0x00000000e2600000,0x00000000e2600000,0x00000000e2980000)
 ParOldGen       total 64512K, used 0K [0x00000000a2a00000, 0x00000000a6900000, 0x00000000e0e00000)
  object space 64512K, 0% used [0x00000000a2a00000,0x00000000a2a00000,0x00000000a6900000)
 Metaspace       used 752K, capacity 4480K, committed 4480K, reserved 1056768K
  class space    used 76K, capacity 384K, committed 384K, reserved 1048576K

Card table byte_map: [0x0000000011e50000,0x0000000012140000] byte_map_base: 0x000000001193b000

Marking Bits: (ParMarkBitMap*) 0x000000006bc4af90
 Begin Bits: [0x0000000012740000, 0x0000000013e98000)
 End Bits:   [0x0000000013e98000, 0x00000000155f0000)

Polling page: 0x0000000000ac0000

CodeCache: size=245760Kb used=328Kb max_used=328Kb free=245431Kb
 bounds [0x0000000002a90000, 0x0000000002d00000, 0x0000000011a90000]
 total_blobs=58 nmethods=0 adapters=38
 compilation: enabled

Compilation events (0 events):
No events

GC Heap History (0 events):
No events

Deoptimization events (0 events):
No events

Classes redefined (0 events):
No events

Internal exceptions (0 events):
No events

Events (10 events):
Event: 0.028 loading class java/lang/Short
Event: 0.028 loading class java/lang/Short done
Event: 0.028 loading class java/lang/Integer
Event: 0.028 loading class java/lang/Integer done
Event: 0.028 loading class java/lang/Long
Event: 0.028 loading class java/lang/Long done
Event: 0.029 loading class java/lang/NullPointerException
Event: 0.029 loading class java/lang/NullPointerException done
Event: 0.029 loading class java/lang/ArithmeticException
Event: 0.029 loading class java/lang/ArithmeticException done


Dynamic libraries:
0x00007ff71e1d0000 - 0x00007ff71e207000 	C:\Program Files\Java\jre1.8.0_251\bin\javaw.exe
0x00007ffc7c510000 - 0x00007ffc7c706000 	C:\WINDOWS\SYSTEM32\ntdll.dll
0x00007ffc7ac80000 - 0x00007ffc7ad3d000 	C:\WINDOWS\System32\KERNEL32.DLL
0x00007ffc7a1b0000 - 0x00007ffc7a479000 	C:\WINDOWS\System32\KERNELBASE.dll
0x00007ffc7b5c0000 - 0x00007ffc7b66c000 	C:\WINDOWS\System32\ADVAPI32.dll
0x00007ffc7c2f0000 - 0x00007ffc7c38e000 	C:\WINDOWS\System32\msvcrt.dll
0x00007ffc7b9d0000 - 0x00007ffc7ba6c000 	C:\WINDOWS\System32\sechost.dll
0x00007ffc7a6b0000 - 0x00007ffc7a7db000 	C:\WINDOWS\System32\RPCRT4.dll
0x00007ffc7aee0000 - 0x00007ffc7b080000 	C:\WINDOWS\System32\USER32.dll
0x00007ffc79e90000 - 0x00007ffc79eb2000 	C:\WINDOWS\System32\win32u.dll
0x00007ffc7bb20000 - 0x00007ffc7bb4a000 	C:\WINDOWS\System32\GDI32.dll
0x00007ffc79d50000 - 0x00007ffc79e59000 	C:\WINDOWS\System32\gdi32full.dll
0x00007ffc7a4d0000 - 0x00007ffc7a56d000 	C:\WINDOWS\System32\msvcp_win.dll
0x00007ffc79c50000 - 0x00007ffc79d50000 	C:\WINDOWS\System32\ucrtbase.dll
0x00007ffc68a80000 - 0x00007ffc68d1b000 	C:\WINDOWS\WinSxS\amd64_microsoft.windows.common-controls_6595b64144ccf1df_6.0.19041.488_none_ca04af081b815d21\COMCTL32.dll
0x00007ffc7c2a0000 - 0x00007ffc7c2d0000 	C:\WINDOWS\System32\IMM32.DLL
0x000000006af10000 - 0x000000006afe2000 	C:\Program Files\Java\jre1.8.0_251\bin\msvcr100.dll
0x000000006b420000 - 0x000000006bccb000 	C:\Program Files\Java\jre1.8.0_251\bin\server\jvm.dll
0x00007ffc7c2d0000 - 0x00007ffc7c2d8000 	C:\WINDOWS\System32\PSAPI.DLL
0x00007ffc70520000 - 0x00007ffc70547000 	C:\WINDOWS\SYSTEM32\WINMM.dll
0x00007ffc77b30000 - 0x00007ffc77b3a000 	C:\WINDOWS\SYSTEM32\VERSION.dll
0x00007ffc68680000 - 0x00007ffc68689000 	C:\WINDOWS\SYSTEM32\WSOCK32.dll
0x00007ffc7b0e0000 - 0x00007ffc7b14b000 	C:\WINDOWS\System32\WS2_32.dll
0x00007ffc454c0000 - 0x00007ffc454cf000 	C:\Program Files\Java\jre1.8.0_251\bin\verify.dll
0x00007ffc45490000 - 0x00007ffc454b9000 	C:\Program Files\Java\jre1.8.0_251\bin\java.dll
0x00007ffc45470000 - 0x00007ffc45486000 	C:\Program Files\Java\jre1.8.0_251\bin\zip.dll

VM Arguments:
jvm_args: -Dfile.encoding=UTF-8 
java_command: com.crm.service.core
java_class_path (initial): C:\Program Files\Java\jre1.8.0_251\lib\resources.jar;C:\Program Files\Java\jre1.8.0_251\lib\rt.jar;C:\Program Files\Java\jre1.8.0_251\lib\jsse.jar;C:\Program Files\Java\jre1.8.0_251\lib\jce.jar;C:\Program Files\Java\jre1.8.0_251\lib\charsets.jar;C:\Program Files\Java\jre1.8.0_251\lib\jfr.jar;C:\Program Files\Java\jre1.8.0_251\lib\ext\access-bridge-64.jar;C:\Program Files\Java\jre1.8.0_251\lib\ext\cldrdata.jar;C:\Program Files\Java\jre1.8.0_251\lib\ext\dnsns.jar;C:\Program Files\Java\jre1.8.0_251\lib\ext\jaccess.jar;C:\Program Files\Java\jre1.8.0_251\lib\ext\jfxrt.jar;C:\Program Files\Java\jre1.8.0_251\lib\ext\localedata.jar;C:\Program Files\Java\jre1.8.0_251\lib\ext\nashorn.jar;C:\Program Files\Java\jre1.8.0_251\lib\ext\sunec.jar;C:\Program Files\Java\jre1.8.0_251\lib\ext\sunjce_provider.jar;C:\Program Files\Java\jre1.8.0_251\lib\ext\sunmscapi.jar;C:\Program Files\Java\jre1.8.0_251\lib\ext\sunpkcs11.jar;C:\Program Files\Java\jre1.8.0_251\lib\ext\zipfs.jar;C:\Users\admin\git\CRM\crm\target\classes;C:\Users\admin\.m2\repository\org\springframework\boot\spring-boot-starter-web\2.3.5.RELEASE\spring-boot-starter-web-2.3.5.RELEASE.jar;C:\Users\admin\.m2\repository\org\springframework\boot\spring-boot-starter\2.3.5.RELEASE\spring-boot-starter-2.3.5.RELEASE.jar;C:\Users\admin\.m2\repository\org\springframework\boot\spring-boot\2.3.5.RELEASE\spring-boot-2.3.5.RELEASE.jar;C:\Users\admin\.m2\repository\org\springframework\boot\spring-boot-autoconfigure\2.3.5.RELEASE\spring-boot-autoconfigure-2.3.5.RELEASE.jar;C:\Users\admin\.m2\repository\org\springframework\boot\spring-boot-starter-logging\2.3.5.RELEASE\spring-boot-starter-logging-2.3.5.RELEASE.jar;C:\Users\admin\.m2\repository\ch\qos\logback\logback-classic\1.2.3\logback-classic-1.2.3.jar;C:\Users\admin\.m2\repository\ch\qos\logback\logback-core\1.2.3\logback-core-1.2.3.jar;C:\Users\admin\.m2\repository\org\apache\logging\log4j\log4j-to-slf4j\2.13.3\log4j-to-slf4j-2.13.3.jar;C:\Users\admin\.m2\re
Launcher Type: SUN_STANDARD

Environment Variables:
JAVA_HOME=C:\Program Files\Java\jdk1.8.0_251\bin;
JRE_HOME=C:\Program Files\Java\jre1.8.0_251\bin
PATH=C:/Program Files/Java/jre1.8.0_251/bin/server;C:/Program Files/Java/jre1.8.0_251/bin;C:/Program Files/Java/jre1.8.0_251/lib/amd64;C:\Program Files\Microsoft MPI\Bin\;C:\Python38\Scripts\;C:\Python38\;C:\Program Files (x86)\Common Files\Oracle\Java\javapath;E:\app\admin\product\11.2.0\dbhome_1\bin;C:\WINDOWS\system32;C:\WINDOWS;C:\WINDOWS\System32\Wbem;C:\WINDOWS\System32\WindowsPowerShell\v1.0\;C:\WINDOWS\System32\OpenSSH\;C:\Program Files\Intel\WiFi\bin\;C:\Program Files\Common Files\Intel\WirelessCommon\;C:\Program Files (x86)\AOMEI Backupper;C:\ProgramData\chocolatey\bin;C:\Program Files\Git\cmd;C:\Program Files\Git\bin\;C:\nodejs\node_modules\npm;C:\Program Files\nodejs\;C:\Program Files (x86)\Yarn\bin\;C:\Program Files (x86)\Microsoft SQL Server\150\DTS\Binn\;C:\Program Files (x86)\Microsoft SQL Server\150\Tools\Binn\;C:\Program Files\Microsoft SQL Server\150\Tools\Binn\;C:\Program Files\Microsoft SQL Server\150\DTS\Binn\;C:\Program Files\Microsoft SQL Server\Client SDK\ODBC\170\Tools\Binn\;C:\Users\admin\AppData\Local\Microsoft\WindowsApps;C:\Program Files\Intel\WiFi\bin\;C:\Program Files\Common Files\Intel\WirelessCommon\;C:\OpenSSL\bin\;C:\Users\admin\AppData\Local\Programs\Microsoft VS Code\bin;C:\Program Files\Git\bin\;C:\nodejs\node_modules\npm;C:\Users\admin\AppData\Roaming\npm;C:\Users\admin\AppData\Local\Yarn\bin;C:\Program Files\Java\jdk1.8.0_251\bin;;D:\Software\eclipse-jee-oxygen-3a-win32-x86_64\eclipse;
USERNAME=admin
OS=Windows_NT
PROCESSOR_IDENTIFIER=Intel64 Family 6 Model 42 Stepping 7, GenuineIntel



---------------  S Y S T E M  ---------------

OS: Windows 10.0 , 64 bit Build 19041 (10.0.19041.662)

CPU:total 4 (initial active 4) (2 cores per cpu, 2 threads per core) family 6 model 42 stepping 7, cmov, cx8, fxsr, mmx, sse, sse2, sse3, ssse3, sse4.1, sse4.2, popcnt, avx, aes, clmul, ht, tsc, tscinvbit

Memory: 4k page, physical 6113084k(757492k free), swap 14305084k(5548k free)

vm_info: Java HotSpot(TM) 64-Bit Server VM (25.251-b08) for windows-amd64 JRE (1.8.0_251-b08), built on Mar 12 2020 06:31:49 by "" with MS VC++ 10.0 (VS2010)

time: Mon Dec 28 21:18:28 2020
timezone: India Standard Time
elapsed time: 0 seconds (0d 0h 0m 0s)

